<?xml version="1.0" encoding="UTF-8"?>
<!-- Generated by org.testng.reporters.JUnitXMLReporter -->
<testsuite hostname="Indu" tests="0" failures="0" timestamp="24 Dec 2018 04:11:56 GMT" time="70.309" errors="0">
  <testcase name="@BeforeTest Log_In" time="0.0" classname="TemSocGFTest">
    <failure type="org.openqa.selenium.WebDriverException" message="Failed to connect to binary FirefoxBinary(C:\Program Files\Mozilla Firefox\firefox.exe) on port 7055; process output follows: 
ges
1545624679533	DeferredSave.webext.sc.lz4	DEBUG	Starting timer
1545624679745	DeferredSave.webext.sc.lz4	DEBUG	Save changes
1545624679754	DeferredSave.webext.sc.lz4	DEBUG	Save changes
1545624679761	DeferredSave.webext.sc.lz4	DEBUG	Save changes
1545624679766	DeferredSave.webext.sc.lz4	DEBUG	Save changes
1545624679777	DeferredSave.webext.sc.lz4	DEBUG	Save changes
1545624679786	DeferredSave.webext.sc.lz4	DEBUG	Save changes
1545624679793	DeferredSave.webext.sc.lz4	DEBUG	Save changes
1545624679797	DeferredSave.webext.sc.lz4	DEBUG	Save changes
1545624679809	DeferredSave.webext.sc.lz4	DEBUG	Save changes
1545624679814	DeferredSave.webext.sc.lz4	DEBUG	Save changes
1545624679821	DeferredSave.webext.sc.lz4	DEBUG	Save changes
1545624679823	DeferredSave.webext.sc.lz4	DEBUG	Save changes
1545624679826	DeferredSave.webext.sc.lz4	DEBUG	Save changes
1545624679830	DeferredSave.webext.sc.lz4	DEBUG	Save changes
1545624679834	DeferredSave.webext.sc.lz4	DEBUG	Save changes
1545624679837	DeferredSave.webext.sc.lz4	DEBUG	Save changes
1545624679841	DeferredSave.webext.sc.lz4	DEBUG	Save changes
1545624679843	DeferredSave.webext.sc.lz4	DEBUG	Save changes
1545624679845	DeferredSave.webext.sc.lz4	DEBUG	Save changes
1545624679847	DeferredSave.webext.sc.lz4	DEBUG	Save changes
1545624679861	DeferredSave.webext.sc.lz4	DEBUG	Save changes
1545624679866	DeferredSave.webext.sc.lz4	DEBUG	Save changes
1545624679875	DeferredSave.webext.sc.lz4	DEBUG	Save changes
1545624679877	DeferredSave.webext.sc.lz4	DEBUG	Save changes
1545624679879	DeferredSave.webext.sc.lz4	DEBUG	Save changes
1545624679881	DeferredSave.webext.sc.lz4	DEBUG	Save changes
1545624679882	DeferredSave.webext.sc.lz4	DEBUG	Save changes
1545624679886	DeferredSave.webext.sc.lz4	DEBUG	Save changes
1545624679891	DeferredSave.webext.sc.lz4	DEBUG	Save changes
1545624679894	DeferredSave.webext.sc.lz4	DEBUG	Save changes
1545624679897	DeferredSave.webext.sc.lz4	DEBUG	Save changes
1545624679898	DeferredSave.webext.sc.lz4	DEBUG	Save changes
1545624679903	DeferredSave.webext.sc.lz4	DEBUG	Save changes
1545624679907	DeferredSave.webext.sc.lz4	DEBUG	Save changes
1545624679910	DeferredSave.webext.sc.lz4	DEBUG	Save changes
1545624679914	DeferredSave.webext.sc.lz4	DEBUG	Save changes
1545624679916	DeferredSave.webext.sc.lz4	DEBUG	Save changes
1545624679918	DeferredSave.webext.sc.lz4	DEBUG	Save changes
1545624679924	DeferredSave.webext.sc.lz4	DEBUG	Save changes
1545624679927	DeferredSave.webext.sc.lz4	DEBUG	Save changes
1545624679929	DeferredSave.webext.sc.lz4	DEBUG	Save changes
1545624679934	DeferredSave.webext.sc.lz4	DEBUG	Save changes
1545624679938	DeferredSave.webext.sc.lz4	DEBUG	Save changes
1545624679942	DeferredSave.webext.sc.lz4	DEBUG	Save changes
1545624679948	DeferredSave.webext.sc.lz4	DEBUG	Save changes
1545624679951	DeferredSave.webext.sc.lz4	DEBUG	Save changes
1545624679953	DeferredSave.webext.sc.lz4	DEBUG	Save changes
1545624679968	DeferredSave.webext.sc.lz4	DEBUG	Save changes
1545624680080	DeferredSave.webext.sc.lz4	DEBUG	Save changes
1545624680214	DeferredSave.webext.sc.lz4	DEBUG	Save changes
1545624680231	DeferredSave.webext.sc.lz4	DEBUG	Save changes
1545624681479	addons.productaddons	INFO	sending request to: https://aus5.mozilla.org/update/3/GMP/56.0/20170926190823/WINNT_x86_64-msvc-x64/en-US/release/Windows_NT%2010.0.0.0%20(x64)/default/default/update.xml
1545624682059	addons.productaddons	INFO	Completed downloading document
Unable to read VR Path Registry from C:\Users\Varnika Singh\AppData\Local\openvr\openvrpaths.vrpath
1545624683575	addons.productaddons	INFO	downloadXHR File download. status=200
1545624683588	addons.productaddons	INFO	Downloaded file will be saved to C:\Users\VARNIK~1\AppData\Local\Temp\tmpaddon
1545624684550	DeferredSave.webext.sc.lz4	DEBUG	Starting write
1545624684571	DeferredSave.webext.sc.lz4	DEBUG	Write succeeded
1545624690851	addons.productaddons	INFO	downloadXHR File download. status=200
1545624690870	addons.productaddons	INFO	Downloaded file will be saved to C:\Users\VARNIK~1\AppData\Local\Temp\tmpaddon-9fdef6

Build info: version: &amp;apos;2.45.0&amp;apos;, revision: &amp;apos;5017cb8e7ca8e37638dc3091b2440b90a1d8686f&amp;apos;, time: &amp;apos;2015-02-27 09:10:26&amp;apos;
System info: host: &amp;apos;Indu&amp;apos;, ip: &amp;apos;192.168.0.23&amp;apos;, os.name: &amp;apos;Windows 10&amp;apos;, os.arch: &amp;apos;amd64&amp;apos;, os.version: &amp;apos;10.0&amp;apos;, java.version: &amp;apos;1.8.0_181&amp;apos;
Driver info: driver.version: FirefoxDriver">
      <![CDATA[org.openqa.selenium.WebDriverException: Failed to connect to binary FirefoxBinary(C:\Program Files\Mozilla Firefox\firefox.exe) on port 7055; process output follows: 
ges
1545624679533	DeferredSave.webext.sc.lz4	DEBUG	Starting timer
1545624679745	DeferredSave.webext.sc.lz4	DEBUG	Save changes
1545624679754	DeferredSave.webext.sc.lz4	DEBUG	Save changes
1545624679761	DeferredSave.webext.sc.lz4	DEBUG	Save changes
1545624679766	DeferredSave.webext.sc.lz4	DEBUG	Save changes
1545624679777	DeferredSave.webext.sc.lz4	DEBUG	Save changes
1545624679786	DeferredSave.webext.sc.lz4	DEBUG	Save changes
1545624679793	DeferredSave.webext.sc.lz4	DEBUG	Save changes
1545624679797	DeferredSave.webext.sc.lz4	DEBUG	Save changes
1545624679809	DeferredSave.webext.sc.lz4	DEBUG	Save changes
1545624679814	DeferredSave.webext.sc.lz4	DEBUG	Save changes
1545624679821	DeferredSave.webext.sc.lz4	DEBUG	Save changes
1545624679823	DeferredSave.webext.sc.lz4	DEBUG	Save changes
1545624679826	DeferredSave.webext.sc.lz4	DEBUG	Save changes
1545624679830	DeferredSave.webext.sc.lz4	DEBUG	Save changes
1545624679834	DeferredSave.webext.sc.lz4	DEBUG	Save changes
1545624679837	DeferredSave.webext.sc.lz4	DEBUG	Save changes
1545624679841	DeferredSave.webext.sc.lz4	DEBUG	Save changes
1545624679843	DeferredSave.webext.sc.lz4	DEBUG	Save changes
1545624679845	DeferredSave.webext.sc.lz4	DEBUG	Save changes
1545624679847	DeferredSave.webext.sc.lz4	DEBUG	Save changes
1545624679861	DeferredSave.webext.sc.lz4	DEBUG	Save changes
1545624679866	DeferredSave.webext.sc.lz4	DEBUG	Save changes
1545624679875	DeferredSave.webext.sc.lz4	DEBUG	Save changes
1545624679877	DeferredSave.webext.sc.lz4	DEBUG	Save changes
1545624679879	DeferredSave.webext.sc.lz4	DEBUG	Save changes
1545624679881	DeferredSave.webext.sc.lz4	DEBUG	Save changes
1545624679882	DeferredSave.webext.sc.lz4	DEBUG	Save changes
1545624679886	DeferredSave.webext.sc.lz4	DEBUG	Save changes
1545624679891	DeferredSave.webext.sc.lz4	DEBUG	Save changes
1545624679894	DeferredSave.webext.sc.lz4	DEBUG	Save changes
1545624679897	DeferredSave.webext.sc.lz4	DEBUG	Save changes
1545624679898	DeferredSave.webext.sc.lz4	DEBUG	Save changes
1545624679903	DeferredSave.webext.sc.lz4	DEBUG	Save changes
1545624679907	DeferredSave.webext.sc.lz4	DEBUG	Save changes
1545624679910	DeferredSave.webext.sc.lz4	DEBUG	Save changes
1545624679914	DeferredSave.webext.sc.lz4	DEBUG	Save changes
1545624679916	DeferredSave.webext.sc.lz4	DEBUG	Save changes
1545624679918	DeferredSave.webext.sc.lz4	DEBUG	Save changes
1545624679924	DeferredSave.webext.sc.lz4	DEBUG	Save changes
1545624679927	DeferredSave.webext.sc.lz4	DEBUG	Save changes
1545624679929	DeferredSave.webext.sc.lz4	DEBUG	Save changes
1545624679934	DeferredSave.webext.sc.lz4	DEBUG	Save changes
1545624679938	DeferredSave.webext.sc.lz4	DEBUG	Save changes
1545624679942	DeferredSave.webext.sc.lz4	DEBUG	Save changes
1545624679948	DeferredSave.webext.sc.lz4	DEBUG	Save changes
1545624679951	DeferredSave.webext.sc.lz4	DEBUG	Save changes
1545624679953	DeferredSave.webext.sc.lz4	DEBUG	Save changes
1545624679968	DeferredSave.webext.sc.lz4	DEBUG	Save changes
1545624680080	DeferredSave.webext.sc.lz4	DEBUG	Save changes
1545624680214	DeferredSave.webext.sc.lz4	DEBUG	Save changes
1545624680231	DeferredSave.webext.sc.lz4	DEBUG	Save changes
1545624681479	addons.productaddons	INFO	sending request to: https://aus5.mozilla.org/update/3/GMP/56.0/20170926190823/WINNT_x86_64-msvc-x64/en-US/release/Windows_NT%2010.0.0.0%20(x64)/default/default/update.xml
1545624682059	addons.productaddons	INFO	Completed downloading document
Unable to read VR Path Registry from C:\Users\Varnika Singh\AppData\Local\openvr\openvrpaths.vrpath
1545624683575	addons.productaddons	INFO	downloadXHR File download. status=200
1545624683588	addons.productaddons	INFO	Downloaded file will be saved to C:\Users\VARNIK~1\AppData\Local\Temp\tmpaddon
1545624684550	DeferredSave.webext.sc.lz4	DEBUG	Starting write
1545624684571	DeferredSave.webext.sc.lz4	DEBUG	Write succeeded
1545624690851	addons.productaddons	INFO	downloadXHR File download. status=200
1545624690870	addons.productaddons	INFO	Downloaded file will be saved to C:\Users\VARNIK~1\AppData\Local\Temp\tmpaddon-9fdef6

Build info: version: '2.45.0', revision: '5017cb8e7ca8e37638dc3091b2440b90a1d8686f', time: '2015-02-27 09:10:26'
System info: host: 'Indu', ip: '192.168.0.23', os.name: 'Windows 10', os.arch: 'amd64', os.version: '10.0', java.version: '1.8.0_181'
Driver info: driver.version: FirefoxDriver
	at org.openqa.selenium.firefox.internal.NewProfileExtensionConnection.start(NewProfileExtensionConnection.java:130)
	at org.openqa.selenium.firefox.FirefoxDriver.startClient(FirefoxDriver.java:246)
	at org.openqa.selenium.remote.RemoteWebDriver.<init>(RemoteWebDriver.java:114)
	at org.openqa.selenium.firefox.FirefoxDriver.<init>(FirefoxDriver.java:191)
	at org.openqa.selenium.firefox.FirefoxDriver.<init>(FirefoxDriver.java:186)
	at org.openqa.selenium.firefox.FirefoxDriver.<init>(FirefoxDriver.java:182)
	at org.openqa.selenium.firefox.FirefoxDriver.<init>(FirefoxDriver.java:95)
	at TemSocGFTest.Log_In(TemSocGFTest.java:40)
	at java.util.concurrent.FutureTask.run(Unknown Source)
	at java.util.concurrent.ThreadPoolExecutor.runWorker(Unknown Source)
	at java.util.concurrent.ThreadPoolExecutor$Worker.run(Unknown Source)
	at java.lang.Thread.run(Unknown Source)
Caused by: org.openqa.selenium.firefox.NotConnectedException: Unable to connect to host 127.0.0.1 on port 7055 after 45000 ms. Firefox console output:
ges
1545624679533	DeferredSave.webext.sc.lz4	DEBUG	Starting timer
1545624679745	DeferredSave.webext.sc.lz4	DEBUG	Save changes
1545624679754	DeferredSave.webext.sc.lz4	DEBUG	Save changes
1545624679761	DeferredSave.webext.sc.lz4	DEBUG	Save changes
1545624679766	DeferredSave.webext.sc.lz4	DEBUG	Save changes
1545624679777	DeferredSave.webext.sc.lz4	DEBUG	Save changes
1545624679786	DeferredSave.webext.sc.lz4	DEBUG	Save changes
1545624679793	DeferredSave.webext.sc.lz4	DEBUG	Save changes
1545624679797	DeferredSave.webext.sc.lz4	DEBUG	Save changes
1545624679809	DeferredSave.webext.sc.lz4	DEBUG	Save changes
1545624679814	DeferredSave.webext.sc.lz4	DEBUG	Save changes
1545624679821	DeferredSave.webext.sc.lz4	DEBUG	Save changes
1545624679823	DeferredSave.webext.sc.lz4	DEBUG	Save changes
1545624679826	DeferredSave.webext.sc.lz4	DEBUG	Save changes
1545624679830	DeferredSave.webext.sc.lz4	DEBUG	Save changes
1545624679834	DeferredSave.webext.sc.lz4	DEBUG	Save changes
1545624679837	DeferredSave.webext.sc.lz4	DEBUG	Save changes
1545624679841	DeferredSave.webext.sc.lz4	DEBUG	Save changes
1545624679843	DeferredSave.webext.sc.lz4	DEBUG	Save changes
1545624679845	DeferredSave.webext.sc.lz4	DEBUG	Save changes
1545624679847	DeferredSave.webext.sc.lz4	DEBUG	Save changes
1545624679861	DeferredSave.webext.sc.lz4	DEBUG	Save changes
1545624679866	DeferredSave.webext.sc.lz4	DEBUG	Save changes
1545624679875	DeferredSave.webext.sc.lz4	DEBUG	Save changes
1545624679877	DeferredSave.webext.sc.lz4	DEBUG	Save changes
1545624679879	DeferredSave.webext.sc.lz4	DEBUG	Save changes
1545624679881	DeferredSave.webext.sc.lz4	DEBUG	Save changes
1545624679882	DeferredSave.webext.sc.lz4	DEBUG	Save changes
1545624679886	DeferredSave.webext.sc.lz4	DEBUG	Save changes
1545624679891	DeferredSave.webext.sc.lz4	DEBUG	Save changes
1545624679894	DeferredSave.webext.sc.lz4	DEBUG	Save changes
1545624679897	DeferredSave.webext.sc.lz4	DEBUG	Save changes
1545624679898	DeferredSave.webext.sc.lz4	DEBUG	Save changes
1545624679903	DeferredSave.webext.sc.lz4	DEBUG	Save changes
1545624679907	DeferredSave.webext.sc.lz4	DEBUG	Save changes
1545624679910	DeferredSave.webext.sc.lz4	DEBUG	Save changes
1545624679914	DeferredSave.webext.sc.lz4	DEBUG	Save changes
1545624679916	DeferredSave.webext.sc.lz4	DEBUG	Save changes
1545624679918	DeferredSave.webext.sc.lz4	DEBUG	Save changes
1545624679924	DeferredSave.webext.sc.lz4	DEBUG	Save changes
1545624679927	DeferredSave.webext.sc.lz4	DEBUG	Save changes
1545624679929	DeferredSave.webext.sc.lz4	DEBUG	Save changes
1545624679934	DeferredSave.webext.sc.lz4	DEBUG	Save changes
1545624679938	DeferredSave.webext.sc.lz4	DEBUG	Save changes
1545624679942	DeferredSave.webext.sc.lz4	DEBUG	Save changes
1545624679948	DeferredSave.webext.sc.lz4	DEBUG	Save changes
1545624679951	DeferredSave.webext.sc.lz4	DEBUG	Save changes
1545624679953	DeferredSave.webext.sc.lz4	DEBUG	Save changes
1545624679968	DeferredSave.webext.sc.lz4	DEBUG	Save changes
1545624680080	DeferredSave.webext.sc.lz4	DEBUG	Save changes
1545624680214	DeferredSave.webext.sc.lz4	DEBUG	Save changes
1545624680231	DeferredSave.webext.sc.lz4	DEBUG	Save changes
1545624681479	addons.productaddons	INFO	sending request to: https://aus5.mozilla.org/update/3/GMP/56.0/20170926190823/WINNT_x86_64-msvc-x64/en-US/release/Windows_NT%2010.0.0.0%20(x64)/default/default/update.xml
1545624682059	addons.productaddons	INFO	Completed downloading document
Unable to read VR Path Registry from C:\Users\Varnika Singh\AppData\Local\openvr\openvrpaths.vrpath
1545624683575	addons.productaddons	INFO	downloadXHR File download. status=200
1545624683588	addons.productaddons	INFO	Downloaded file will be saved to C:\Users\VARNIK~1\AppData\Local\Temp\tmpaddon
1545624684550	DeferredSave.webext.sc.lz4	DEBUG	Starting write
1545624684571	DeferredSave.webext.sc.lz4	DEBUG	Write succeeded
1545624690851	addons.productaddons	INFO	downloadXHR File download. status=200
1545624690870	addons.productaddons	INFO	Downloaded file will be saved to C:\Users\VARNIK~1\AppData\Local\Temp\tmpaddon-9fdef6

	at org.openqa.selenium.firefox.internal.NewProfileExtensionConnection.start(NewProfileExtensionConnection.java:118)
	... 25 more
... Removed 14 stack frames]]>
    </failure>
  </testcase> <!-- @BeforeTest Log_In -->
  <testcase name="@AfterTest close_browser" time="0.0" classname="TemSocGFTest">
    <skipped/>
  </testcase> <!-- @AfterTest close_browser -->
</testsuite>
