<?xml version="1.0" encoding="UTF-8"?>
<!-- Generated by org.testng.reporters.JUnitXMLReporter -->
<testsuite hostname="Indu" tests="5" failures="0" timestamp="8 Jan 2019 03:53:08 GMT" time="0.355" errors="0">
  <testcase name="@BeforeSuite Log_In" time="0.0" classname="TemSocGFTest">
    <failure type="org.testng.TestNGException" message="
Parameter &amp;apos;Browser_Type&amp;apos; is required by @Configuration on method Log_In but has not been marked @Optional or defined
in C:\Users\Varnika Singh\AppData\Local\Temp\testng-eclipse-811917662\testng-customsuite.xml">
      <![CDATA[org.testng.TestNGException: 
Parameter 'Browser_Type' is required by @Configuration on method Log_In but has not been marked @Optional or defined
in C:\Users\Varnika Singh\AppData\Local\Temp\testng-eclipse-811917662\testng-customsuite.xml
	at org.testng.internal.Parameters.createParameters(Parameters.java:155)
	at org.testng.internal.Parameters.createParameters(Parameters.java:355)
	at org.testng.internal.Parameters.createConfigurationParameters(Parameters.java:86)
	at org.testng.internal.Invoker.invokeConfigurations(Invoker.java:199)
	at org.testng.internal.Invoker.invokeConfigurations(Invoker.java:138)
	at org.testng.SuiteRunner.privateRun(SuiteRunner.java:277)
	at org.testng.SuiteRunner.run(SuiteRunner.java:240)
	at org.testng.SuiteRunnerWorker.runSuite(SuiteRunnerWorker.java:52)
	at org.testng.SuiteRunnerWorker.run(SuiteRunnerWorker.java:86)
	at org.testng.TestNG.runSuitesSequentially(TestNG.java:1198)
	at org.testng.TestNG.runSuitesLocally(TestNG.java:1123)
	at org.testng.TestNG.run(TestNG.java:1031)
	at org.testng.remote.AbstractRemoteTestNG.run(AbstractRemoteTestNG.java:114)
	at org.testng.remote.RemoteTestNG.initAndRun(RemoteTestNG.java:251)
	at org.testng.remote.RemoteTestNG.main(RemoteTestNG.java:77)
]]>
    </failure>
  </testcase> <!-- @BeforeSuite Log_In -->
  <testcase name="PollPage1_Question1" time="0.016" classname="TemSocGFTest">
    <skipped/>
  </testcase> <!-- PollPage1_Question1 -->
  <testcase name="PollPage1_Question2" time="0.002" classname="TemSocGFTest">
    <skipped/>
  </testcase> <!-- PollPage1_Question2 -->
  <testcase name="PollPage1_Question3" time="0.002" classname="TemSocGFTest">
    <skipped/>
  </testcase> <!-- PollPage1_Question3 -->
  <testcase name="PollPage1_SubmitButton" time="0.097" classname="TemSocGFTest">
    <skipped/>
  </testcase> <!-- PollPage1_SubmitButton -->
  <testcase name="PollPage2_VerifyResults" time="0.012" classname="TemSocGFTest">
    <skipped/>
  </testcase> <!-- PollPage2_VerifyResults -->
</testsuite>
